<?xml version="1.0" encoding="UTF-8"?>
<testng-results skipped="0" failed="1" ignored="0" total="2" passed="1">
  <reporter-output>
  </reporter-output>
  <suite name="Default suite" duration-ms="9544" started-at="2020-07-21T21:25:45Z" finished-at="2020-07-21T21:25:54Z">
    <groups>
    </groups>
    <test name="Default test" duration-ms="9544" started-at="2020-07-21T21:25:45Z" finished-at="2020-07-21T21:25:54Z">
      <class name="Tests.UserRegistrationrReadFrom2Darray">
        <test-method status="PASS" signature="webdriver()[pri:0, instance:Tests.UserRegistrationrReadFrom2Darray@ae45eb6]" name="webdriver" is-config="true" duration-ms="9423" started-at="2020-07-21T21:25:35Z" finished-at="2020-07-21T21:25:45Z">
          <reporter-output>
          </reporter-output>
        </test-method> <!-- webdriver -->
        <test-method status="PASS" signature="UserRegistrationSucessfully(java.lang.String, java.lang.String, java.lang.String, java.lang.String, java.lang.String, java.lang.String)[pri:1, instance:Tests.UserRegistrationrReadFrom2Darray@ae45eb6]" name="UserRegistrationSucessfully" duration-ms="7726" started-at="2020-07-21T21:25:45Z" data-provider="testData" finished-at="2020-07-21T21:25:53Z">
          <params>
            <param index="0">
              <value>
                <![CDATA[dina]]>
              </value>
            </param>
            <param index="1">
              <value>
                <![CDATA[lol]]>
              </value>
            </param>
            <param index="2">
              <value>
                <![CDATA[0122377002]]>
              </value>
            </param>
            <param index="3">
              <value>
                <![CDATA[1n99992@hotmail.com]]>
              </value>
            </param>
            <param index="4">
              <value>
                <![CDATA[hell@ofmkdsm]]>
              </value>
            </param>
            <param index="5">
              <value>
                <![CDATA[hellofmkdsm]]>
              </value>
            </param>
          </params>
          <reporter-output>
          </reporter-output>
        </test-method> <!-- UserRegistrationSucessfully -->
        <test-method status="FAIL" signature="UserRegistrationSucessfully(java.lang.String, java.lang.String, java.lang.String, java.lang.String, java.lang.String, java.lang.String)[pri:1, instance:Tests.UserRegistrationrReadFrom2Darray@ae45eb6]" name="UserRegistrationSucessfully" duration-ms="1799" started-at="2020-07-21T21:25:53Z" data-provider="testData" finished-at="2020-07-21T21:25:54Z">
          <params>
            <param index="0">
              <value>
                <![CDATA[dina]]>
              </value>
            </param>
            <param index="1">
              <value>
                <![CDATA[lol]]>
              </value>
            </param>
            <param index="2">
              <value>
                <![CDATA[0122377002]]>
              </value>
            </param>
            <param index="3">
              <value>
                <![CDATA[1s199927@hotmail.com]]>
              </value>
            </param>
            <param index="4">
              <value>
                <![CDATA[hellofmkdsm]]>
              </value>
            </param>
            <param index="5">
              <value>
                <![CDATA[hellofmkdsm]]>
              </value>
            </param>
          </params>
          <exception class="java.lang.IndexOutOfBoundsException">
            <message>
              <![CDATA[Index: 1, Size: 0]]>
            </message>
            <full-stacktrace>
              <![CDATA[java.lang.IndexOutOfBoundsException: Index: 1, Size: 0
at java.util.ArrayList.rangeCheck(Unknown Source)
at java.util.ArrayList.get(Unknown Source)
at sun.reflect.NativeMethodAccessorImpl.invoke0(Native Method)
at sun.reflect.NativeMethodAccessorImpl.invoke(Unknown Source)
at sun.reflect.DelegatingMethodAccessorImpl.invoke(Unknown Source)
at java.lang.reflect.Method.invoke(Unknown Source)
at org.openqa.selenium.support.pagefactory.internal.LocatingElementListHandler.invoke(LocatingElementListHandler.java:40)
at com.sun.proxy.$Proxy13.get(Unknown Source)
at Page.PageBase.chooseFromlist(PageBase.java:62)
at Page.MyHomepage.Profile(MyHomepage.java:82)
at Tests.UserRegistrationrReadFrom2Darray.UserRegistrationSucessfully(UserRegistrationrReadFrom2Darray.java:98)
at sun.reflect.NativeMethodAccessorImpl.invoke0(Native Method)
at sun.reflect.NativeMethodAccessorImpl.invoke(Unknown Source)
at sun.reflect.DelegatingMethodAccessorImpl.invoke(Unknown Source)
at java.lang.reflect.Method.invoke(Unknown Source)
at org.testng.internal.MethodInvocationHelper.invokeMethod(MethodInvocationHelper.java:124)
at org.testng.internal.Invoker.invokeMethod(Invoker.java:583)
at org.testng.internal.Invoker.invokeTestMethod(Invoker.java:719)
at org.testng.internal.Invoker.invokeTestMethods(Invoker.java:989)
at org.testng.internal.TestMethodWorker.invokeTestMethods(TestMethodWorker.java:125)
at org.testng.internal.TestMethodWorker.run(TestMethodWorker.java:109)
at org.testng.TestRunner.privateRun(TestRunner.java:648)
at org.testng.TestRunner.run(TestRunner.java:505)
at org.testng.SuiteRunner.runTest(SuiteRunner.java:455)
at org.testng.SuiteRunner.runSequentially(SuiteRunner.java:450)
at org.testng.SuiteRunner.privateRun(SuiteRunner.java:415)
at org.testng.SuiteRunner.run(SuiteRunner.java:364)
at org.testng.SuiteRunnerWorker.runSuite(SuiteRunnerWorker.java:52)
at org.testng.SuiteRunnerWorker.run(SuiteRunnerWorker.java:84)
at org.testng.TestNG.runSuitesSequentially(TestNG.java:1208)
at org.testng.TestNG.runSuitesLocally(TestNG.java:1137)
at org.testng.TestNG.runSuites(TestNG.java:1049)
at org.testng.TestNG.run(TestNG.java:1017)
at org.testng.remote.AbstractRemoteTestNG.run(AbstractRemoteTestNG.java:114)
at org.testng.remote.RemoteTestNG.initAndRun(RemoteTestNG.java:251)
at org.testng.remote.RemoteTestNG.main(RemoteTestNG.java:77)
]]>
            </full-stacktrace>
          </exception> <!-- java.lang.IndexOutOfBoundsException -->
          <reporter-output>
          </reporter-output>
        </test-method> <!-- UserRegistrationSucessfully -->
        <test-method status="PASS" signature="stopDRiver()[pri:0, instance:Tests.UserRegistrationrReadFrom2Darray@ae45eb6]" name="stopDRiver" is-config="true" duration-ms="1" started-at="2020-07-21T21:25:54Z" finished-at="2020-07-21T21:25:54Z">
          <reporter-output>
          </reporter-output>
        </test-method> <!-- stopDRiver -->
      </class> <!-- Tests.UserRegistrationrReadFrom2Darray -->
    </test> <!-- Default test -->
  </suite> <!-- Default suite -->
</testng-results>
